<?xml version="1.0" encoding="UTF-8"?>
<!-- Generated by org.testng.reporters.JUnitReportReporter -->
<testsuite hostname="DESKTOP-QRB56CU" name="swaggerAPI.ResponseGET_Validation" tests="7" failures="0" timestamp="5 Jan 2023 03:30:14 GMT" time="0.036" errors="0">
  <testcase name="getStatusCode8" time="0.003" classname="swaggerAPI.ResponseGET_Validation"/>
  <testcase name="getContentType2" time="0.026" classname="swaggerAPI.ResponseGET_Validation"/>
  <testcase name="getContentEncoding4" time="0.002" classname="swaggerAPI.ResponseGET_Validation"/>
  <testcase name="getAllHeaders5" time="0.001" classname="swaggerAPI.ResponseGET_Validation"/>
  <testcase name="getStatusLine7" time="0.000" classname="swaggerAPI.ResponseGET_Validation"/>
  <testcase name="getServerType3" time="0.002" classname="swaggerAPI.ResponseGET_Validation"/>
  <testcase name="getResponseTime6" time="0.002" classname="swaggerAPI.ResponseGET_Validation"/>
</testsuite> <!-- swaggerAPI.ResponseGET_Validation -->
