<?xml version="1.0" encoding="UTF-8"?>
<!-- Generated by org.testng.reporters.JUnitReportReporter -->
<testsuite hostname="DESKTOP-QRB56CU" name="serialization.Student_API_not_Serialization" tests="2" failures="0" timestamp="25 Dec 2022 22:52:05 GMT" time="2.959" errors="0">
  <testcase name="getRquest" time="2.125" classname="serialization.Student_API_not_Serialization"/>
  <testcase name="createNewStudent" time="0.834" classname="serialization.Student_API_not_Serialization"/>
</testsuite> <!-- serialization.Student_API_not_Serialization -->
