<?xml version="1.0" encoding="UTF-8"?>
<!-- Generated by org.testng.reporters.JUnitReportReporter -->
<testsuite hostname="DESKTOP-QRB56CU" name="swaggerAPI.ResponseValidation" tests="7" failures="0" timestamp="4 Jan 2023 17:02:25 GMT" time="0.007" errors="0">
  <testcase name="getContentEncoding" time="0.000" classname="swaggerAPI.ResponseValidation"/>
  <testcase name="getContentType" time="0.000" classname="swaggerAPI.ResponseValidation"/>
  <testcase name="getServerType" time="0.000" classname="swaggerAPI.ResponseValidation"/>
  <testcase name="getStatusLine" time="0.002" classname="swaggerAPI.ResponseValidation"/>
  <testcase name="getResponseTime" time="0.000" classname="swaggerAPI.ResponseValidation"/>
  <testcase name="getAllHeaders" time="0.003" classname="swaggerAPI.ResponseValidation"/>
  <testcase name="getStatusCode" time="0.002" classname="swaggerAPI.ResponseValidation"/>
</testsuite> <!-- swaggerAPI.ResponseValidation -->
