<?xml version="1.0" encoding="UTF-8"?>
<!-- Generated by org.testng.reporters.JUnitReportReporter -->
<testsuite hostname="DESKTOP-QRB56CU" name="listenerPack.Facebook" tests="1" failures="0" timestamp="4 Jan 2023 15:31:28 GMT" time="4.642" errors="0">
  <testcase name="createAccount" time="4.642" classname="listenerPack.Facebook"/>
</testsuite> <!-- listenerPack.Facebook -->
