<?xml version="1.0" encoding="UTF-8"?>
<!-- Generated by org.testng.reporters.JUnitReportReporter -->
<testsuite hostname="DESKTOP-QRB56CU" name="swaggerAPI.ResponsePOST_validation" tests="8" failures="0" timestamp="5 Jan 2023 03:30:14 GMT" time="0.051" errors="0">
  <testcase name="getContentEncoding12" time="0.001" classname="swaggerAPI.ResponsePOST_validation"/>
  <testcase name="getContentType10" time="0.000" classname="swaggerAPI.ResponsePOST_validation"/>
  <testcase name="getResponseTime14" time="0.000" classname="swaggerAPI.ResponsePOST_validation"/>
  <testcase name="getAllHeaders13" time="0.001" classname="swaggerAPI.ResponsePOST_validation"/>
  <testcase name="getStatusCode16" time="0.001" classname="swaggerAPI.ResponsePOST_validation"/>
  <testcase name="getServerType11" time="0.000" classname="swaggerAPI.ResponsePOST_validation"/>
  <testcase name="getStatusLine15" time="0.001" classname="swaggerAPI.ResponsePOST_validation"/>
  <testcase name="getResponseBody17" time="0.047" classname="swaggerAPI.ResponsePOST_validation"/>
</testsuite> <!-- swaggerAPI.ResponsePOST_validation -->
