<?xml version="1.0" encoding="UTF-8"?>
<!-- Generated by org.testng.reporters.JUnitReportReporter -->
<testsuite hostname="DESKTOP-QRB56CU" name="rest_Methods.TC001_Get_Request" tests="2" failures="0" timestamp="23 Dec 2022 01:05:34 GMT" time="5.354" errors="0">
  <testcase name="post_method" time="2.689" classname="rest_Methods.TC001_Get_Request"/>
  <testcase name="getMethod" time="2.665" classname="rest_Methods.TC001_Get_Request"/>
</testsuite> <!-- rest_Methods.TC001_Get_Request -->
