<?xml version="1.0" encoding="UTF-8"?>
<!-- Generated by org.testng.reporters.JUnitReportReporter -->
<testsuite hostname="DESKTOP-QRB56CU" name="rest_Methods.DataDrivenTest" tests="3" failures="0" timestamp="24 Dec 2022 20:11:46 GMT" time="3.074" errors="0">
  <testcase name="dataDriventest_addNewEmployee" time="0.426" classname="rest_Methods.DataDrivenTest"/>
  <testcase name="dataDriventest_addNewEmployee" time="0.446" classname="rest_Methods.DataDrivenTest"/>
  <testcase name="dataDriventest_addNewEmployee" time="2.202" classname="rest_Methods.DataDrivenTest"/>
</testsuite> <!-- rest_Methods.DataDrivenTest -->
