<?xml version="1.0" encoding="UTF-8"?>
<!-- Generated by org.testng.reporters.JUnitReportReporter -->
<testsuite hostname="DESKTOP-QRB56CU" name="deseralization_pojo.DeSerializingTest" tests="1" failures="0" timestamp="28 Dec 2022 19:10:34 GMT" time="2.272" errors="0">
  <testcase name="TestDeserialPOJO" time="2.272" classname="deseralization_pojo.DeSerializingTest"/>
</testsuite> <!-- deseralization_pojo.DeSerializingTest -->
