<?xml version="1.0" encoding="UTF-8"?>
<!-- Generated by org.testng.reporters.JUnitReportReporter -->
<testsuite hostname="DESKTOP-QRB56CU" name="listenerPack.Facebook" tests="1" failures="0" timestamp="3 Jun 2023 16:22:24 GMT" time="4.457" errors="0">
  <testcase name="createAccount" time="4.457" classname="listenerPack.Facebook"/>
</testsuite> <!-- listenerPack.Facebook -->
