<?xml version="1.0" encoding="UTF-8"?>
<!-- Generated by org.testng.reporters.JUnitReportReporter -->
<testsuite hostname="DESKTOP-QRB56CU" name="complex_json_POST.Test_complex_json" tests="1" failures="0" timestamp="3 Jun 2023 00:15:43 GMT" time="2.363" errors="0">
  <testcase name="executeTest" time="2.363" classname="complex_json_POST.Test_complex_json"/>
</testsuite> <!-- complex_json_POST.Test_complex_json -->
