<?xml version="1.0" encoding="UTF-8"?>
<!-- Generated by org.testng.reporters.JUnitReportReporter -->
<testsuite hostname="DESKTOP-QRB56CU" name="swaggerAPI.ResponsePUT_validation" tests="9" failures="0" timestamp="5 Jan 2023 03:30:14 GMT" time="0.323" errors="0">
  <testcase name="getServerType19" time="0.002" classname="swaggerAPI.ResponsePUT_validation"/>
  <testcase name="getContentType18" time="0.009" classname="swaggerAPI.ResponsePUT_validation"/>
  <testcase name="getStatusCode24" time="0.002" classname="swaggerAPI.ResponsePUT_validation"/>
  <testcase name="deleteMethod26" time="0.302" classname="swaggerAPI.ResponsePUT_validation"/>
  <testcase name="getResponseTime22" time="0.000" classname="swaggerAPI.ResponsePUT_validation"/>
  <testcase name="getStatusLine23" time="0.001" classname="swaggerAPI.ResponsePUT_validation"/>
  <testcase name="getResponseBody25" time="0.004" classname="swaggerAPI.ResponsePUT_validation"/>
  <testcase name="getAllHeaders21" time="0.001" classname="swaggerAPI.ResponsePUT_validation"/>
  <testcase name="getContentEncoding20" time="0.002" classname="swaggerAPI.ResponsePUT_validation"/>
</testsuite> <!-- swaggerAPI.ResponsePUT_validation -->
