<?xml version="1.0" encoding="UTF-8"?>
<!-- Generated by org.testng.reporters.JUnitReportReporter -->
<testsuite hostname="DESKTOP-QRB56CU" name="deserialization_POST.Deserialization_POJO_POST_test" tests="1" failures="0" timestamp="29 Dec 2022 21:43:07 GMT" time="2.810" errors="0">
  <testcase name="pojo_post" time="2.810" classname="deserialization_POST.Deserialization_POJO_POST_test"/>
</testsuite> <!-- deserialization_POST.Deserialization_POJO_POST_test -->
