<?xml version="1.0" encoding="UTF-8"?>
<!-- Generated by org.testng.reporters.JUnitReportReporter -->
<testsuite hostname="DESKTOP-QRB56CU" name="serialization.SwaggerAPI_serialization" tests="2" failures="0" timestamp="28 Dec 2022 00:30:52 GMT" time="2.566" errors="0">
  <testcase name="post_testPetSerializationXML" time="2.029" classname="serialization.SwaggerAPI_serialization"/>
  <testcase name="get_pet_de_serializatonXML" time="0.537" classname="serialization.SwaggerAPI_serialization"/>
</testsuite> <!-- serialization.SwaggerAPI_serialization -->
