<?xml version="1.0" encoding="UTF-8"?>
<!-- Generated by org.testng.reporters.JUnitReportReporter -->
<testsuite hostname="DESKTOP-QRB56CU" name="swaggerAPI.SwaggerAPI_test" tests="1" failures="0" timestamp="30 Dec 2022 19:01:50 GMT" time="3.314" errors="0">
  <testcase name="API_test" time="3.314" classname="swaggerAPI.SwaggerAPI_test"/>
</testsuite> <!-- swaggerAPI.SwaggerAPI_test -->
